<?xml version="1.0" encoding="UTF-8"?>
<!-- Generated by org.testng.reporters.JUnitReportReporter -->
<testsuite hostname="DESKTOP-LLLGMOJ" failures="0" tests="2" name="day10.testngExample2.GoogleApplicationWithBeforeAfterMethod" time="17.597" errors="0" timestamp="2024-08-20T21:54:39 IST" skipped="0">
  <testcase classname="day10.testngExample2.GoogleApplicationWithBeforeAfterMethod" name="testGoogleLandingPage" time="9.153"/>
  <testcase classname="day10.testngExample2.GoogleApplicationWithBeforeAfterMethod" name="testSearch" time="8.444"/>
</testsuite> <!-- day10.testngExample2.GoogleApplicationWithBeforeAfterMethod -->
