<?xml version="1.0" encoding="UTF-8"?>
<!-- Generated by org.testng.reporters.JUnitReportReporter -->
<testsuite hostname="DESKTOP-LLLGMOJ" failures="0" tests="3" name="day11.advancetestng.DataProviderExample2" time="16.500" errors="0" timestamp="2024-08-27T21:45:08 IST" skipped="0">
  <testcase classname="day11.advancetestng.DataProviderExample2" name="testGoogleSearch" time="5.862"/>
  <testcase classname="day11.advancetestng.DataProviderExample2" name="testGoogleSearch" time="4.694"/>
  <testcase classname="day11.advancetestng.DataProviderExample2" name="testGoogleSearch" time="5.944"/>
</testsuite> <!-- day11.advancetestng.DataProviderExample2 -->
