<?xml version="1.0" encoding="UTF-8"?>
<!-- Generated by org.testng.reporters.JUnitReportReporter -->
<testsuite hostname="DESKTOP-LLLGMOJ" failures="0" tests="1" name="day10.testngExample2.AnnotationList" time="0.010" errors="0" timestamp="2024-08-28T21:33:57 IST" skipped="0">
  <testcase classname="day10.testngExample2.AnnotationList" name="f5" time="0.010"/>
</testsuite> <!-- day10.testngExample2.AnnotationList -->
