<?xml version="1.0" encoding="UTF-8"?>
<!-- Generated by org.testng.reporters.JUnitReportReporter -->
<testsuite hostname="DESKTOP-LLLGMOJ" failures="0" tests="4" name="day10.testngExample2.ClassLabelAnnotations" time="0.018" errors="0" timestamp="2024-08-28T21:33:57 IST" skipped="0">
  <testcase classname="day10.testngExample2.ClassLabelAnnotations" name="testCase3" time="0.010"/>
  <testcase classname="day10.testngExample2.ClassLabelAnnotations" name="testCase1" time="0.002"/>
  <testcase classname="day10.testngExample2.ClassLabelAnnotations" name="testCase4" time="0.003"/>
  <testcase classname="day10.testngExample2.ClassLabelAnnotations" name="testCase2" time="0.003"/>
</testsuite> <!-- day10.testngExample2.ClassLabelAnnotations -->
