<?xml version="1.0" encoding="UTF-8"?>
<!-- Generated by org.testng.reporters.JUnitReportReporter -->
<testsuite hostname="DESKTOP-LLLGMOJ" failures="0" tests="2" name="day12.switchingExamples.Example1" time="14.297" errors="0" timestamp="2024-08-29T21:27:36 IST" skipped="0">
  <testcase classname="day12.switchingExamples.Example1" name="testLoginWithoutIdentifyingAnyElement" time="5.929"/>
  <testcase classname="day12.switchingExamples.Example1" name="testActiveElementFromApplication" time="8.368"/>
</testsuite> <!-- day12.switchingExamples.Example1 -->
