<?xml version="1.0" encoding="UTF-8"?>
<!-- Generated by org.testng.reporters.JUnitReportReporter -->
<testsuite hostname="DESKTOP-LLLGMOJ" failures="0" tests="2" name="day11.advancetestng.GroupExamples2" time="0.003" errors="0" timestamp="2024-08-27T21:33:48 IST" skipped="0">
  <testcase classname="day11.advancetestng.GroupExamples2" name="testLeads" time="0.001"/>
  <testcase classname="day11.advancetestng.GroupExamples2" name="testLogin" time="0.002"/>
</testsuite> <!-- day11.advancetestng.GroupExamples2 -->
