<?xml version="1.0" encoding="UTF-8"?>
<!-- Generated by org.testng.reporters.JUnitReportReporter -->
<testsuite hostname="DESKTOP-LLLGMOJ" failures="0" tests="1" name="day10.testngExample2.ExampleWithBeforeAfterSuite" time="0.002" errors="0" timestamp="2024-08-20T21:54:39 IST" skipped="0">
  <testcase classname="day10.testngExample2.ExampleWithBeforeAfterSuite" name="testCase1" time="0.002"/>
</testsuite> <!-- day10.testngExample2.ExampleWithBeforeAfterSuite -->
