<?xml version="1.0" encoding="UTF-8"?>
<!-- Generated by org.testng.reporters.JUnitReportReporter -->
<testsuite hostname="DESKTOP-LLLGMOJ" failures="0" tests="1" name="day12.switchingExamples.Example3" time="18.219" errors="0" timestamp="2024-08-29T22:00:18 IST" skipped="0">
  <testcase classname="day12.switchingExamples.Example3" name="testJavaScriptPromptPopup" time="18.219"/>
</testsuite> <!-- day12.switchingExamples.Example3 -->
