<?xml version="1.0" encoding="UTF-8"?>
<!-- Generated by org.testng.reporters.JUnitReportReporter -->
<testsuite hostname="DESKTOP-LLLGMOJ" failures="0" tests="1" name="day11.advancetestng.IncludeAndExcludeTestMethods" time="0.010" errors="0" timestamp="2024-08-27T21:35:29 IST" skipped="0">
  <testcase classname="day11.advancetestng.IncludeAndExcludeTestMethods" name="addDepartmentTestCase" time="0.010"/>
</testsuite> <!-- day11.advancetestng.IncludeAndExcludeTestMethods -->
