<?xml version="1.0" encoding="UTF-8"?>
<!-- Generated by org.testng.reporters.JUnitReportReporter -->
<testsuite hostname="DESKTOP-LLLGMOJ" failures="0" tests="2" name="day11.advancetestng.GroupExamples" time="0.019" errors="0" timestamp="2024-08-27T21:33:48 IST" skipped="0">
  <testcase classname="day11.advancetestng.GroupExamples" name="testCaseFour" time="0.013"/>
  <testcase classname="day11.advancetestng.GroupExamples" name="testCaseOne" time="0.006"/>
</testsuite> <!-- day11.advancetestng.GroupExamples -->
