<?xml version="1.0" encoding="UTF-8"?>
<!-- Generated by org.testng.reporters.JUnitReportReporter -->
<testsuite hostname="DESKTOP-LLLGMOJ" failures="0" tests="2" name="day11.advancetestng.ParallelExecutionTest" time="32.496" errors="0" timestamp="2024-08-27T21:50:53 IST" skipped="0">
  <testcase classname="day11.advancetestng.ParallelExecutionTest" name="testLoginOfVtiger" time="14.803"/>
  <testcase classname="day11.advancetestng.ParallelExecutionTest" name="testLoginOfVtiger" time="17.693"/>
</testsuite> <!-- day11.advancetestng.ParallelExecutionTest -->
