<?xml version="1.0" encoding="UTF-8"?>
<!-- Generated by org.testng.reporters.JUnitReportReporter -->
<testsuite hostname="DESKTOP-LLLGMOJ" failures="0" tests="6" name="day9.testngExamples.Example3" time="0.039" errors="0" timestamp="2024-08-18T15:39:37 IST" skipped="1">
  <testcase classname="day9.testngExamples.Example3" name="testCase1" time="0.012"/>
  <testcase classname="day9.testngExamples.Example3" name="testCase4" time="0.009"/>
  <testcase classname="day9.testngExamples.Example3" name="testCase4" time="0.003"/>
  <testcase classname="day9.testngExamples.Example3" name="testCase4" time="0.011"/>
  <testcase classname="day9.testngExamples.Example3" name="testCase3" time="0.004"/>
  <testcase classname="day9.testngExamples.Example3" name="testCase2">
    <skipped/>
  </testcase> <!-- testCase2 -->
</testsuite> <!-- day9.testngExamples.Example3 -->
