<?xml version="1.0" encoding="UTF-8"?>
<!-- Generated by org.testng.reporters.JUnitReportReporter -->
<testsuite hostname="DESKTOP-LLLGMOJ" failures="0" tests="2" name="day10.testngExample2.GoogleApplicationWithBeforeAfterMethod" time="13.212" errors="0" timestamp="2024-08-28T21:33:57 IST" skipped="0">
  <testcase classname="day10.testngExample2.GoogleApplicationWithBeforeAfterMethod" name="testGoogleLandingPage" time="4.795"/>
  <testcase classname="day10.testngExample2.GoogleApplicationWithBeforeAfterMethod" name="testSearch" time="8.417"/>
</testsuite> <!-- day10.testngExample2.GoogleApplicationWithBeforeAfterMethod -->
