<?xml version="1.0" encoding="UTF-8"?>
<!-- Generated by org.testng.reporters.JUnitReportReporter -->
<testsuite hostname="DESKTOP-LLLGMOJ" failures="0" tests="2" name="day9.testngExamples.Example2" time="0.015" errors="0" timestamp="2024-08-18T15:34:19 IST" skipped="0">
  <testcase classname="day9.testngExamples.Example2" name="testCase1" time="0.012"/>
  <testcase classname="day9.testngExamples.Example2" name="testCase2" time="0.003"/>
</testsuite> <!-- day9.testngExamples.Example2 -->
