<?xml version="1.0" encoding="UTF-8"?>
<!-- Generated by org.testng.reporters.JUnitReportReporter -->
<testsuite hostname="DESKTOP-LLLGMOJ" failures="0" tests="4" name="day11.advancetestng.Parameterization" time="13.334" errors="0" timestamp="2024-08-27T21:38:29 IST" skipped="0">
  <testcase classname="day11.advancetestng.Parameterization" name="testCaseThree" time="0.002"/>
  <testcase classname="day11.advancetestng.Parameterization" name="testCaseTwo" time="0.002"/>
  <testcase classname="day11.advancetestng.Parameterization" name="testLoginOfVtiger" time="13.310"/>
  <testcase classname="day11.advancetestng.Parameterization" name="testCaseOne" time="0.020"/>
</testsuite> <!-- day11.advancetestng.Parameterization -->
