<?xml version="1.0" encoding="UTF-8"?>
<!-- Generated by org.testng.reporters.JUnitReportReporter -->
<testsuite hostname="DESKTOP-LLLGMOJ" failures="0" tests="3" name="day10.testngExample2.Assignment" time="0.037" errors="0" timestamp="2024-08-20T21:54:39 IST" skipped="0">
  <testcase classname="day10.testngExample2.Assignment" name="createPim" time="0.025"/>
  <testcase classname="day10.testngExample2.Assignment" name="updatePim" time="0.008"/>
  <testcase classname="day10.testngExample2.Assignment" name="deletePim" time="0.004"/>
</testsuite> <!-- day10.testngExample2.Assignment -->
