<?xml version="1.0" encoding="UTF-8"?>
<!-- Generated by org.testng.reporters.JUnitReportReporter -->
<testsuite hostname="DESKTOP-LLLGMOJ" failures="0" tests="1" name="day9.testngExamples.Example1" time="0.024" errors="0" timestamp="2024-08-18T15:28:24 IST" skipped="0">
  <testcase classname="day9.testngExamples.Example1" name="testCase1" time="0.024"/>
</testsuite> <!-- day9.testngExamples.Example1 -->
