<?xml version="1.0" encoding="UTF-8"?>
<!-- Generated by org.testng.reporters.JUnitReportReporter -->
<testsuite hostname="DESKTOP-LLLGMOJ" failures="0" tests="1" name="day12.switchingExamples.Example2" time="7.348" errors="0" timestamp="2024-08-29T21:42:09 IST" skipped="0">
  <testcase classname="day12.switchingExamples.Example2" name="testFrameSwitchingWithElement" time="7.348"/>
</testsuite> <!-- day12.switchingExamples.Example2 -->
