<?xml version="1.0" encoding="UTF-8"?>
<!-- Generated by org.testng.reporters.JUnitReportReporter -->
<testsuite hostname="DESKTOP-LLLGMOJ" failures="0" tests="1" name="dateexamples.Example1" time="0.115" errors="0" timestamp="2024-06-14T08:55:38 IST" skipped="0">
  <testcase classname="dateexamples.Example1" name="testDate2" time="0.115"/>
</testsuite> <!-- dateexamples.Example1 -->
