<?xml version="1.0" encoding="UTF-8"?>
<!-- Generated by org.testng.reporters.JUnitReportReporter -->
<testsuite hostname="DESKTOP-LLLGMOJ" failures="0" tests="2" name="runner.TestRunner" time="34.298" errors="0" timestamp="2024-09-15T20:10:10 IST" skipped="0">
  <testcase classname="runner.TestRunner" name="runScenario" time="17.334"/>
  <testcase classname="runner.TestRunner" name="runScenario" time="16.964"/>
</testsuite> <!-- runner.TestRunner -->
