<?xml version="1.0" encoding="UTF-8"?>
<!-- Generated by org.testng.reporters.JUnitReportReporter -->
<testsuite hostname="DESKTOP-LLLGMOJ" failures="0" tests="2" name="runner.TestRunner" time="36.776" errors="0" timestamp="2024-09-15T20:12:13 IST" skipped="0">
  <testcase classname="runner.TestRunner" name="runScenario" time="19.054"/>
  <testcase classname="runner.TestRunner" name="runScenario" time="17.722"/>
</testsuite> <!-- runner.TestRunner -->
